{
  "stats": {
    "suites": 1,
    "tests": 4,
    "passes": 4,
    "pending": 0,
    "failures": 0,
    "start": "2026-06-17T16:35:34.376Z",
    "end": "2026-06-17T16:35:34.381Z",
    "duration": 5,
    "testsRegistered": 4,
    "passPercent": 100,
    "pendingPercent": 0,
    "other": 0,
    "hasOther": false,
    "skipped": 0,
    "hasSkipped": false
  },
  "results": [
    {
      "uuid": "02ae6241-3155-4c0b-9d20-6e2bbed4450c",
      "title": "",
      "fullFile": "C:\\projetosPos\\ci-avaliacao\\Exercicio-valendo-dois-pontos\\test\\exercicio.DoisPontos.test.js",
      "file": "\\test\\exercicio.DoisPontos.test.js",
      "beforeHooks": [],
      "afterHooks": [],
      "tests": [],
      "suites": [
        {
          "uuid": "c9a1bedc-84b9-4f17-a927-8b78ca0699a6",
          "title": "Testando login",
          "fullFile": "C:\\projetosPos\\ci-avaliacao\\Exercicio-valendo-dois-pontos\\test\\exercicio.DoisPontos.test.js",
          "file": "\\test\\exercicio.DoisPontos.test.js",
          "beforeHooks": [],
          "afterHooks": [],
          "tests": [
            {
              "title": "Sucesso",
              "fullTitle": "Testando login Sucesso",
              "timedOut": false,
              "duration": 0,
              "state": "passed",
              "speed": "fast",
              "pass": true,
              "fail": false,
              "pending": false,
              "context": null,
              "code": "//Act\nconst retornodaFuncaoLogin = fazerLogin('cris@gmail', 456);\n//Assert\nassert.equal(retornodaFuncaoLogin, 'Login realizado com sucesso')",
              "err": {},
              "uuid": "d7e95094-bab7-491f-b96a-96047d14c815",
              "parentUUID": "c9a1bedc-84b9-4f17-a927-8b78ca0699a6",
              "isHook": false,
              "skipped": false
            },
            {
              "title": "Credencial expirada",
              "fullTitle": "Testando login Credencial expirada",
              "timedOut": false,
              "duration": 0,
              "state": "passed",
              "speed": "fast",
              "pass": true,
              "fail": false,
              "pending": false,
              "context": null,
              "code": "//Act\nconst retornodaFuncaoLogin = fazerLogin('paula@gmail', 123);\n//Assert\nassert.equal(retornodaFuncaoLogin, 'Renove suas credenciais')",
              "err": {},
              "uuid": "499b01dc-ff95-495b-aa7e-ab8452fb9115",
              "parentUUID": "c9a1bedc-84b9-4f17-a927-8b78ca0699a6",
              "isHook": false,
              "skipped": false
            },
            {
              "title": "Usuario não encontrado",
              "fullTitle": "Testando login Usuario não encontrado",
              "timedOut": false,
              "duration": 0,
              "state": "passed",
              "speed": "fast",
              "pass": true,
              "fail": false,
              "pending": false,
              "context": null,
              "code": "//Act\nconst retornodaFuncaoLogin = fazerLogin('ted@gmail.com', 789);\n//Assert\nassert.equal(retornodaFuncaoLogin, 'Usuario não encontrado')",
              "err": {},
              "uuid": "0747177e-bc23-4ea6-9627-c8977a70fc85",
              "parentUUID": "c9a1bedc-84b9-4f17-a927-8b78ca0699a6",
              "isHook": false,
              "skipped": false
            },
            {
              "title": "Senha incorreta para o usuário encontrado",
              "fullTitle": "Testando login Senha incorreta para o usuário encontrado",
              "timedOut": false,
              "duration": 0,
              "state": "passed",
              "speed": "fast",
              "pass": true,
              "fail": false,
              "pending": false,
              "context": null,
              "code": "//Act\nconst retornodaFuncaoLogin = fazerLogin('cris@gmail', 789);\n//Assert\nassert.equal(retornodaFuncaoLogin, 'Senha incorreta para o usuário encontrado')",
              "err": {},
              "uuid": "7d3b1491-a160-4d1d-863c-4d220b36c842",
              "parentUUID": "c9a1bedc-84b9-4f17-a927-8b78ca0699a6",
              "isHook": false,
              "skipped": false
            }
          ],
          "suites": [],
          "passes": [
            "d7e95094-bab7-491f-b96a-96047d14c815",
            "499b01dc-ff95-495b-aa7e-ab8452fb9115",
            "0747177e-bc23-4ea6-9627-c8977a70fc85",
            "7d3b1491-a160-4d1d-863c-4d220b36c842"
          ],
          "failures": [],
          "pending": [],
          "skipped": [],
          "duration": 0,
          "root": false,
          "rootEmpty": false,
          "_timeout": 2000
        }
      ],
      "passes": [],
      "failures": [],
      "pending": [],
      "skipped": [],
      "duration": 0,
      "root": true,
      "rootEmpty": true,
      "_timeout": 2000
    }
  ],
  "meta": {
    "mocha": {
      "version": "11.7.6"
    },
    "mochawesome": {
      "options": {
        "quiet": false,
        "reportFilename": "mochawesome",
        "saveHtml": true,
        "saveJson": true,
        "consoleReporter": "spec",
        "useInlineDiffs": false,
        "code": true
      },
      "version": "7.1.4"
    },
    "marge": {
      "options": null,
      "version": "6.3.2"
    }
  }
}